[2023-01-07 13:48:14] local.ERROR: There are no commands defined in the "migrate:" namespace.

Did you mean this?
    migrate {"exception":"[object] (Symfony\\Component\\Console\\Exception\\NamespaceNotFoundException(code: 0): There are no commands defined in the \"migrate:\" namespace.

Did you mean this?
    migrate at D:\\laravel_quicktask\\vendor\\symfony\\console\\Application.php:632)
[stacktrace]
#0 D:\\laravel_quicktask\\vendor\\symfony\\console\\Application.php(683): Symfony\\Component\\Console\\Application->findNamespace('migrate:')
#1 D:\\laravel_quicktask\\vendor\\symfony\\console\\Application.php(256): Symfony\\Component\\Console\\Application->find('migrate::rollba...')
#2 D:\\laravel_quicktask\\vendor\\symfony\\console\\Application.php(168): Symfony\\Component\\Console\\Application->doRun(Object(Symfony\\Component\\Console\\Input\\ArgvInput), Object(Symfony\\Component\\Console\\Output\\ConsoleOutput))
#3 D:\\laravel_quicktask\\vendor\\laravel\\framework\\src\\Illuminate\\Console\\Application.php(102): Symfony\\Component\\Console\\Application->run(Object(Symfony\\Component\\Console\\Input\\ArgvInput), Object(Symfony\\Component\\Console\\Output\\ConsoleOutput))
#4 D:\\laravel_quicktask\\vendor\\laravel\\framework\\src\\Illuminate\\Foundation\\Console\\Kernel.php(155): Illuminate\\Console\\Application->run(Object(Symfony\\Component\\Console\\Input\\ArgvInput), Object(Symfony\\Component\\Console\\Output\\ConsoleOutput))
#5 D:\\laravel_quicktask\\artisan(37): Illuminate\\Foundation\\Console\\Kernel->handle(Object(Symfony\\Component\\Console\\Input\\ArgvInput), Object(Symfony\\Component\\Console\\Output\\ConsoleOutput))
#6 {main}
"} 
[2023-01-09 07:05:05] local.ERROR: No arguments expected for "migrate" command, got "php". {"exception":"[object] (Symfony\\Component\\Console\\Exception\\RuntimeException(code: 0): No arguments expected for \"migrate\" command, got \"php\". at D:\\laravel_quicktask\\vendor\\symfony\\console\\Input\\ArgvInput.php:190)
[stacktrace]
#0 D:\\laravel_quicktask\\vendor\\symfony\\console\\Input\\ArgvInput.php(83): Symfony\\Component\\Console\\Input\\ArgvInput->parseArgument('php')
#1 D:\\laravel_quicktask\\vendor\\symfony\\console\\Input\\ArgvInput.php(68): Symfony\\Component\\Console\\Input\\ArgvInput->parseToken('php', true)
#2 D:\\laravel_quicktask\\vendor\\symfony\\console\\Input\\Input.php(52): Symfony\\Component\\Console\\Input\\ArgvInput->parse()
#3 D:\\laravel_quicktask\\vendor\\symfony\\console\\Command\\Command.php(271): Symfony\\Component\\Console\\Input\\Input->bind(Object(Symfony\\Component\\Console\\Input\\InputDefinition))
#4 D:\\laravel_quicktask\\vendor\\laravel\\framework\\src\\Illuminate\\Console\\Command.php(152): Symfony\\Component\\Console\\Command\\Command->run(Object(Symfony\\Component\\Console\\Input\\ArgvInput), Object(Illuminate\\Console\\OutputStyle))
#5 D:\\laravel_quicktask\\vendor\\symfony\\console\\Application.php(1022): Illuminate\\Console\\Command->run(Object(Symfony\\Component\\Console\\Input\\ArgvInput), Object(Symfony\\Component\\Console\\Output\\ConsoleOutput))
#6 D:\\laravel_quicktask\\vendor\\symfony\\console\\Application.php(314): Symfony\\Component\\Console\\Application->doRunCommand(Object(Illuminate\\Database\\Console\\Migrations\\MigrateCommand), Object(Symfony\\Component\\Console\\Input\\ArgvInput), Object(Symfony\\Component\\Console\\Output\\ConsoleOutput))
#7 D:\\laravel_quicktask\\vendor\\symfony\\console\\Application.php(168): Symfony\\Component\\Console\\Application->doRun(Object(Symfony\\Component\\Console\\Input\\ArgvInput), Object(Symfony\\Component\\Console\\Output\\ConsoleOutput))
#8 D:\\laravel_quicktask\\vendor\\laravel\\framework\\src\\Illuminate\\Console\\Application.php(102): Symfony\\Component\\Console\\Application->run(Object(Symfony\\Component\\Console\\Input\\ArgvInput), Object(Symfony\\Component\\Console\\Output\\ConsoleOutput))
#9 D:\\laravel_quicktask\\vendor\\laravel\\framework\\src\\Illuminate\\Foundation\\Console\\Kernel.php(155): Illuminate\\Console\\Application->run(Object(Symfony\\Component\\Console\\Input\\ArgvInput), Object(Symfony\\Component\\Console\\Output\\ConsoleOutput))
#10 D:\\laravel_quicktask\\artisan(37): Illuminate\\Foundation\\Console\\Kernel->handle(Object(Symfony\\Component\\Console\\Input\\ArgvInput), Object(Symfony\\Component\\Console\\Output\\ConsoleOutput))
#11 {main}
"} 
[2023-01-09 08:53:14] local.ERROR: SQLSTATE[42S02]: Base table or view not found: 1146 Table 'hoclaravel.blacklist' doesn't exist (SQL: alter table `blacklist` add `is_admin` tinyint(1) not null default '0') {"exception":"[object] (Illuminate\\Database\\QueryException(code: 42S02): SQLSTATE[42S02]: Base table or view not found: 1146 Table 'hoclaravel.blacklist' doesn't exist (SQL: alter table `blacklist` add `is_admin` tinyint(1) not null default '0') at D:\\laravel_quicktask\\vendor\\laravel\\framework\\src\\Illuminate\\Database\\Connection.php:760)
[stacktrace]
#0 D:\\laravel_quicktask\\vendor\\laravel\\framework\\src\\Illuminate\\Database\\Connection.php(720): Illuminate\\Database\\Connection->runQueryCallback('alter table `bl...', Array, Object(Closure))
#1 D:\\laravel_quicktask\\vendor\\laravel\\framework\\src\\Illuminate\\Database\\Connection.php(546): Illuminate\\Database\\Connection->run('alter table `bl...', Array, Object(Closure))
#2 D:\\laravel_quicktask\\vendor\\laravel\\framework\\src\\Illuminate\\Database\\Schema\\Blueprint.php(109): Illuminate\\Database\\Connection->statement('alter table `bl...')
#3 D:\\laravel_quicktask\\vendor\\laravel\\framework\\src\\Illuminate\\Database\\Schema\\Builder.php(422): Illuminate\\Database\\Schema\\Blueprint->build(Object(Illuminate\\Database\\MySqlConnection), Object(Illuminate\\Database\\Schema\\Grammars\\MySqlGrammar))
#4 D:\\laravel_quicktask\\vendor\\laravel\\framework\\src\\Illuminate\\Database\\Schema\\Builder.php(269): Illuminate\\Database\\Schema\\Builder->build(Object(Illuminate\\Database\\Schema\\Blueprint))
#5 D:\\laravel_quicktask\\vendor\\laravel\\framework\\src\\Illuminate\\Support\\Facades\\Facade.php(338): Illuminate\\Database\\Schema\\Builder->table('blacklist', Object(Closure))
#6 D:\\laravel_quicktask\\database\\migrations\\2023_01_09_082513_add_is_admin_column_to_blacklist_table.php(18): Illuminate\\Support\\Facades\\Facade::__callStatic('table', Array)
#7 D:\\laravel_quicktask\\vendor\\laravel\\framework\\src\\Illuminate\\Database\\Migrations\\Migrator.php(481): Illuminate\\Database\\Migrations\\Migration@anonymous->up()
#8 D:\\laravel_quicktask\\vendor\\laravel\\framework\\src\\Illuminate\\Database\\Migrations\\Migrator.php(399): Illuminate\\Database\\Migrations\\Migrator->runMethod(Object(Illuminate\\Database\\MySqlConnection), Object(Illuminate\\Database\\Migrations\\Migration@anonymous), 'up')
#9 D:\\laravel_quicktask\\vendor\\laravel\\framework\\src\\Illuminate\\Database\\Migrations\\Migrator.php(408): Illuminate\\Database\\Migrations\\Migrator->Illuminate\\Database\\Migrations\\{closure}()
#10 D:\\laravel_quicktask\\vendor\\laravel\\framework\\src\\Illuminate\\Database\\Migrations\\Migrator.php(209): Illuminate\\Database\\Migrations\\Migrator->runMigration(Object(Illuminate\\Database\\Migrations\\Migration@anonymous), 'up')
#11 D:\\laravel_quicktask\\vendor\\laravel\\framework\\src\\Illuminate\\Console\\View\\Components\\Task.php(36): Illuminate\\Database\\Migrations\\Migrator->Illuminate\\Database\\Migrations\\{closure}()
#12 D:\\laravel_quicktask\\vendor\\laravel\\framework\\src\\Illuminate\\Database\\Migrations\\Migrator.php(738): Illuminate\\Console\\View\\Components\\Task->render('2023_01_09_0825...', Object(Closure))
#13 D:\\laravel_quicktask\\vendor\\laravel\\framework\\src\\Illuminate\\Database\\Migrations\\Migrator.php(209): Illuminate\\Database\\Migrations\\Migrator->write('Illuminate\\\\Cons...', '2023_01_09_0825...', Object(Closure))
#14 D:\\laravel_quicktask\\vendor\\laravel\\framework\\src\\Illuminate\\Database\\Migrations\\Migrator.php(174): Illuminate\\Database\\Migrations\\Migrator->runUp('D:\\\\laravel_quic...', 5, false)
#15 D:\\laravel_quicktask\\vendor\\laravel\\framework\\src\\Illuminate\\Database\\Migrations\\Migrator.php(117): Illuminate\\Database\\Migrations\\Migrator->runPending(Array, Array)
#16 D:\\laravel_quicktask\\vendor\\laravel\\framework\\src\\Illuminate\\Database\\Console\\Migrations\\MigrateCommand.php(90): Illuminate\\Database\\Migrations\\Migrator->run(Array, Array)
#17 D:\\laravel_quicktask\\vendor\\laravel\\framework\\src\\Illuminate\\Database\\Migrations\\Migrator.php(615): Illuminate\\Database\\Console\\Migrations\\MigrateCommand->Illuminate\\Database\\Console\\Migrations\\{closure}()
#18 D:\\laravel_quicktask\\vendor\\laravel\\framework\\src\\Illuminate\\Database\\Console\\Migrations\\MigrateCommand.php(102): Illuminate\\Database\\Migrations\\Migrator->usingConnection(NULL, Object(Closure))
#19 D:\\laravel_quicktask\\vendor\\laravel\\framework\\src\\Illuminate\\Container\\BoundMethod.php(36): Illuminate\\Database\\Console\\Migrations\\MigrateCommand->handle()
#20 D:\\laravel_quicktask\\vendor\\laravel\\framework\\src\\Illuminate\\Container\\Util.php(41): Illuminate\\Container\\BoundMethod::Illuminate\\Container\\{closure}()
#21 D:\\laravel_quicktask\\vendor\\laravel\\framework\\src\\Illuminate\\Container\\BoundMethod.php(93): Illuminate\\Container\\Util::unwrapIfClosure(Object(Closure))
#22 D:\\laravel_quicktask\\vendor\\laravel\\framework\\src\\Illuminate\\Container\\BoundMethod.php(37): Illuminate\\Container\\BoundMethod::callBoundMethod(Object(Illuminate\\Foundation\\Application), Array, Object(Closure))
#23 D:\\laravel_quicktask\\vendor\\laravel\\framework\\src\\Illuminate\\Container\\Container.php(651): Illuminate\\Container\\BoundMethod::call(Object(Illuminate\\Foundation\\Application), Array, Array, NULL)
#24 D:\\laravel_quicktask\\vendor\\laravel\\framework\\src\\Illuminate\\Console\\Command.php(182): Illuminate\\Container\\Container->call(Array)
#25 D:\\laravel_quicktask\\vendor\\symfony\\console\\Command\\Command.php(312): Illuminate\\Console\\Command->execute(Object(Symfony\\Component\\Console\\Input\\ArgvInput), Object(Illuminate\\Console\\OutputStyle))
#26 D:\\laravel_quicktask\\vendor\\laravel\\framework\\src\\Illuminate\\Console\\Command.php(152): Symfony\\Component\\Console\\Command\\Command->run(Object(Symfony\\Component\\Console\\Input\\ArgvInput), Object(Illuminate\\Console\\OutputStyle))
#27 D:\\laravel_quicktask\\vendor\\symfony\\console\\Application.php(1022): Illuminate\\Console\\Command->run(Object(Symfony\\Component\\Console\\Input\\ArgvInput), Object(Symfony\\Component\\Console\\Output\\ConsoleOutput))
#28 D:\\laravel_quicktask\\vendor\\symfony\\console\\Application.php(314): Symfony\\Component\\Console\\Application->doRunCommand(Object(Illuminate\\Database\\Console\\Migrations\\MigrateCommand), Object(Symfony\\Component\\Console\\Input\\ArgvInput), Object(Symfony\\Component\\Console\\Output\\ConsoleOutput))
#29 D:\\laravel_quicktask\\vendor\\symfony\\console\\Application.php(168): Symfony\\Component\\Console\\Application->doRun(Object(Symfony\\Component\\Console\\Input\\ArgvInput), Object(Symfony\\Component\\Console\\Output\\ConsoleOutput))
#30 D:\\laravel_quicktask\\vendor\\laravel\\framework\\src\\Illuminate\\Console\\Application.php(102): Symfony\\Component\\Console\\Application->run(Object(Symfony\\Component\\Console\\Input\\ArgvInput), Object(Symfony\\Component\\Console\\Output\\ConsoleOutput))
#31 D:\\laravel_quicktask\\vendor\\laravel\\framework\\src\\Illuminate\\Foundation\\Console\\Kernel.php(155): Illuminate\\Console\\Application->run(Object(Symfony\\Component\\Console\\Input\\ArgvInput), Object(Symfony\\Component\\Console\\Output\\ConsoleOutput))
#32 D:\\laravel_quicktask\\artisan(37): Illuminate\\Foundation\\Console\\Kernel->handle(Object(Symfony\\Component\\Console\\Input\\ArgvInput), Object(Symfony\\Component\\Console\\Output\\ConsoleOutput))
#33 {main}

[previous exception] [object] (PDOException(code: 42S02): SQLSTATE[42S02]: Base table or view not found: 1146 Table 'hoclaravel.blacklist' doesn't exist at D:\\laravel_quicktask\\vendor\\laravel\\framework\\src\\Illuminate\\Database\\Connection.php:545)
[stacktrace]
#0 D:\\laravel_quicktask\\vendor\\laravel\\framework\\src\\Illuminate\\Database\\Connection.php(545): PDOStatement->execute()
#1 D:\\laravel_quicktask\\vendor\\laravel\\framework\\src\\Illuminate\\Database\\Connection.php(753): Illuminate\\Database\\Connection->Illuminate\\Database\\{closure}('alter table `bl...', Array)
#2 D:\\laravel_quicktask\\vendor\\laravel\\framework\\src\\Illuminate\\Database\\Connection.php(720): Illuminate\\Database\\Connection->runQueryCallback('alter table `bl...', Array, Object(Closure))
#3 D:\\laravel_quicktask\\vendor\\laravel\\framework\\src\\Illuminate\\Database\\Connection.php(546): Illuminate\\Database\\Connection->run('alter table `bl...', Array, Object(Closure))
#4 D:\\laravel_quicktask\\vendor\\laravel\\framework\\src\\Illuminate\\Database\\Schema\\Blueprint.php(109): Illuminate\\Database\\Connection->statement('alter table `bl...')
#5 D:\\laravel_quicktask\\vendor\\laravel\\framework\\src\\Illuminate\\Database\\Schema\\Builder.php(422): Illuminate\\Database\\Schema\\Blueprint->build(Object(Illuminate\\Database\\MySqlConnection), Object(Illuminate\\Database\\Schema\\Grammars\\MySqlGrammar))
#6 D:\\laravel_quicktask\\vendor\\laravel\\framework\\src\\Illuminate\\Database\\Schema\\Builder.php(269): Illuminate\\Database\\Schema\\Builder->build(Object(Illuminate\\Database\\Schema\\Blueprint))
#7 D:\\laravel_quicktask\\vendor\\laravel\\framework\\src\\Illuminate\\Support\\Facades\\Facade.php(338): Illuminate\\Database\\Schema\\Builder->table('blacklist', Object(Closure))
#8 D:\\laravel_quicktask\\database\\migrations\\2023_01_09_082513_add_is_admin_column_to_blacklist_table.php(18): Illuminate\\Support\\Facades\\Facade::__callStatic('table', Array)
#9 D:\\laravel_quicktask\\vendor\\laravel\\framework\\src\\Illuminate\\Database\\Migrations\\Migrator.php(481): Illuminate\\Database\\Migrations\\Migration@anonymous->up()
#10 D:\\laravel_quicktask\\vendor\\laravel\\framework\\src\\Illuminate\\Database\\Migrations\\Migrator.php(399): Illuminate\\Database\\Migrations\\Migrator->runMethod(Object(Illuminate\\Database\\MySqlConnection), Object(Illuminate\\Database\\Migrations\\Migration@anonymous), 'up')
#11 D:\\laravel_quicktask\\vendor\\laravel\\framework\\src\\Illuminate\\Database\\Migrations\\Migrator.php(408): Illuminate\\Database\\Migrations\\Migrator->Illuminate\\Database\\Migrations\\{closure}()
#12 D:\\laravel_quicktask\\vendor\\laravel\\framework\\src\\Illuminate\\Database\\Migrations\\Migrator.php(209): Illuminate\\Database\\Migrations\\Migrator->runMigration(Object(Illuminate\\Database\\Migrations\\Migration@anonymous), 'up')
#13 D:\\laravel_quicktask\\vendor\\laravel\\framework\\src\\Illuminate\\Console\\View\\Components\\Task.php(36): Illuminate\\Database\\Migrations\\Migrator->Illuminate\\Database\\Migrations\\{closure}()
#14 D:\\laravel_quicktask\\vendor\\laravel\\framework\\src\\Illuminate\\Database\\Migrations\\Migrator.php(738): Illuminate\\Console\\View\\Components\\Task->render('2023_01_09_0825...', Object(Closure))
#15 D:\\laravel_quicktask\\vendor\\laravel\\framework\\src\\Illuminate\\Database\\Migrations\\Migrator.php(209): Illuminate\\Database\\Migrations\\Migrator->write('Illuminate\\\\Cons...', '2023_01_09_0825...', Object(Closure))
#16 D:\\laravel_quicktask\\vendor\\laravel\\framework\\src\\Illuminate\\Database\\Migrations\\Migrator.php(174): Illuminate\\Database\\Migrations\\Migrator->runUp('D:\\\\laravel_quic...', 5, false)
#17 D:\\laravel_quicktask\\vendor\\laravel\\framework\\src\\Illuminate\\Database\\Migrations\\Migrator.php(117): Illuminate\\Database\\Migrations\\Migrator->runPending(Array, Array)
#18 D:\\laravel_quicktask\\vendor\\laravel\\framework\\src\\Illuminate\\Database\\Console\\Migrations\\MigrateCommand.php(90): Illuminate\\Database\\Migrations\\Migrator->run(Array, Array)
#19 D:\\laravel_quicktask\\vendor\\laravel\\framework\\src\\Illuminate\\Database\\Migrations\\Migrator.php(615): Illuminate\\Database\\Console\\Migrations\\MigrateCommand->Illuminate\\Database\\Console\\Migrations\\{closure}()
#20 D:\\laravel_quicktask\\vendor\\laravel\\framework\\src\\Illuminate\\Database\\Console\\Migrations\\MigrateCommand.php(102): Illuminate\\Database\\Migrations\\Migrator->usingConnection(NULL, Object(Closure))
#21 D:\\laravel_quicktask\\vendor\\laravel\\framework\\src\\Illuminate\\Container\\BoundMethod.php(36): Illuminate\\Database\\Console\\Migrations\\MigrateCommand->handle()
#22 D:\\laravel_quicktask\\vendor\\laravel\\framework\\src\\Illuminate\\Container\\Util.php(41): Illuminate\\Container\\BoundMethod::Illuminate\\Container\\{closure}()
#23 D:\\laravel_quicktask\\vendor\\laravel\\framework\\src\\Illuminate\\Container\\BoundMethod.php(93): Illuminate\\Container\\Util::unwrapIfClosure(Object(Closure))
#24 D:\\laravel_quicktask\\vendor\\laravel\\framework\\src\\Illuminate\\Container\\BoundMethod.php(37): Illuminate\\Container\\BoundMethod::callBoundMethod(Object(Illuminate\\Foundation\\Application), Array, Object(Closure))
#25 D:\\laravel_quicktask\\vendor\\laravel\\framework\\src\\Illuminate\\Container\\Container.php(651): Illuminate\\Container\\BoundMethod::call(Object(Illuminate\\Foundation\\Application), Array, Array, NULL)
#26 D:\\laravel_quicktask\\vendor\\laravel\\framework\\src\\Illuminate\\Console\\Command.php(182): Illuminate\\Container\\Container->call(Array)
#27 D:\\laravel_quicktask\\vendor\\symfony\\console\\Command\\Command.php(312): Illuminate\\Console\\Command->execute(Object(Symfony\\Component\\Console\\Input\\ArgvInput), Object(Illuminate\\Console\\OutputStyle))
#28 D:\\laravel_quicktask\\vendor\\laravel\\framework\\src\\Illuminate\\Console\\Command.php(152): Symfony\\Component\\Console\\Command\\Command->run(Object(Symfony\\Component\\Console\\Input\\ArgvInput), Object(Illuminate\\Console\\OutputStyle))
#29 D:\\laravel_quicktask\\vendor\\symfony\\console\\Application.php(1022): Illuminate\\Console\\Command->run(Object(Symfony\\Component\\Console\\Input\\ArgvInput), Object(Symfony\\Component\\Console\\Output\\ConsoleOutput))
#30 D:\\laravel_quicktask\\vendor\\symfony\\console\\Application.php(314): Symfony\\Component\\Console\\Application->doRunCommand(Object(Illuminate\\Database\\Console\\Migrations\\MigrateCommand), Object(Symfony\\Component\\Console\\Input\\ArgvInput), Object(Symfony\\Component\\Console\\Output\\ConsoleOutput))
#31 D:\\laravel_quicktask\\vendor\\symfony\\console\\Application.php(168): Symfony\\Component\\Console\\Application->doRun(Object(Symfony\\Component\\Console\\Input\\ArgvInput), Object(Symfony\\Component\\Console\\Output\\ConsoleOutput))
#32 D:\\laravel_quicktask\\vendor\\laravel\\framework\\src\\Illuminate\\Console\\Application.php(102): Symfony\\Component\\Console\\Application->run(Object(Symfony\\Component\\Console\\Input\\ArgvInput), Object(Symfony\\Component\\Console\\Output\\ConsoleOutput))
#33 D:\\laravel_quicktask\\vendor\\laravel\\framework\\src\\Illuminate\\Foundation\\Console\\Kernel.php(155): Illuminate\\Console\\Application->run(Object(Symfony\\Component\\Console\\Input\\ArgvInput), Object(Symfony\\Component\\Console\\Output\\ConsoleOutput))
#34 D:\\laravel_quicktask\\artisan(37): Illuminate\\Foundation\\Console\\Kernel->handle(Object(Symfony\\Component\\Console\\Input\\ArgvInput), Object(Symfony\\Component\\Console\\Output\\ConsoleOutput))
#35 {main}
"} 
[2023-01-09 08:57:28] local.ERROR: SQLSTATE[42S02]: Base table or view not found: 1146 Table 'hoclaravel.blacklist' doesn't exist (SQL: alter table `blacklist` add `is_admin` tinyint(1) not null default '0') {"exception":"[object] (Illuminate\\Database\\QueryException(code: 42S02): SQLSTATE[42S02]: Base table or view not found: 1146 Table 'hoclaravel.blacklist' doesn't exist (SQL: alter table `blacklist` add `is_admin` tinyint(1) not null default '0') at D:\\laravel_quicktask\\vendor\\laravel\\framework\\src\\Illuminate\\Database\\Connection.php:760)
[stacktrace]
#0 D:\\laravel_quicktask\\vendor\\laravel\\framework\\src\\Illuminate\\Database\\Connection.php(720): Illuminate\\Database\\Connection->runQueryCallback('alter table `bl...', Array, Object(Closure))
#1 D:\\laravel_quicktask\\vendor\\laravel\\framework\\src\\Illuminate\\Database\\Connection.php(546): Illuminate\\Database\\Connection->run('alter table `bl...', Array, Object(Closure))
#2 D:\\laravel_quicktask\\vendor\\laravel\\framework\\src\\Illuminate\\Database\\Schema\\Blueprint.php(109): Illuminate\\Database\\Connection->statement('alter table `bl...')
#3 D:\\laravel_quicktask\\vendor\\laravel\\framework\\src\\Illuminate\\Database\\Schema\\Builder.php(422): Illuminate\\Database\\Schema\\Blueprint->build(Object(Illuminate\\Database\\MySqlConnection), Object(Illuminate\\Database\\Schema\\Grammars\\MySqlGrammar))
#4 D:\\laravel_quicktask\\vendor\\laravel\\framework\\src\\Illuminate\\Database\\Schema\\Builder.php(269): Illuminate\\Database\\Schema\\Builder->build(Object(Illuminate\\Database\\Schema\\Blueprint))
#5 D:\\laravel_quicktask\\vendor\\laravel\\framework\\src\\Illuminate\\Support\\Facades\\Facade.php(338): Illuminate\\Database\\Schema\\Builder->table('blacklist', Object(Closure))
#6 D:\\laravel_quicktask\\database\\migrations\\2023_01_09_082513_add_is_admin_column_to_blacklist_table.php(18): Illuminate\\Support\\Facades\\Facade::__callStatic('table', Array)
#7 D:\\laravel_quicktask\\vendor\\laravel\\framework\\src\\Illuminate\\Database\\Migrations\\Migrator.php(481): Illuminate\\Database\\Migrations\\Migration@anonymous->up()
#8 D:\\laravel_quicktask\\vendor\\laravel\\framework\\src\\Illuminate\\Database\\Migrations\\Migrator.php(399): Illuminate\\Database\\Migrations\\Migrator->runMethod(Object(Illuminate\\Database\\MySqlConnection), Object(Illuminate\\Database\\Migrations\\Migration@anonymous), 'up')
#9 D:\\laravel_quicktask\\vendor\\laravel\\framework\\src\\Illuminate\\Database\\Migrations\\Migrator.php(408): Illuminate\\Database\\Migrations\\Migrator->Illuminate\\Database\\Migrations\\{closure}()
#10 D:\\laravel_quicktask\\vendor\\laravel\\framework\\src\\Illuminate\\Database\\Migrations\\Migrator.php(209): Illuminate\\Database\\Migrations\\Migrator->runMigration(Object(Illuminate\\Database\\Migrations\\Migration@anonymous), 'up')
#11 D:\\laravel_quicktask\\vendor\\laravel\\framework\\src\\Illuminate\\Console\\View\\Components\\Task.php(36): Illuminate\\Database\\Migrations\\Migrator->Illuminate\\Database\\Migrations\\{closure}()
#12 D:\\laravel_quicktask\\vendor\\laravel\\framework\\src\\Illuminate\\Database\\Migrations\\Migrator.php(738): Illuminate\\Console\\View\\Components\\Task->render('2023_01_09_0825...', Object(Closure))
#13 D:\\laravel_quicktask\\vendor\\laravel\\framework\\src\\Illuminate\\Database\\Migrations\\Migrator.php(209): Illuminate\\Database\\Migrations\\Migrator->write('Illuminate\\\\Cons...', '2023_01_09_0825...', Object(Closure))
#14 D:\\laravel_quicktask\\vendor\\laravel\\framework\\src\\Illuminate\\Database\\Migrations\\Migrator.php(174): Illuminate\\Database\\Migrations\\Migrator->runUp('D:\\\\laravel_quic...', 5, false)
#15 D:\\laravel_quicktask\\vendor\\laravel\\framework\\src\\Illuminate\\Database\\Migrations\\Migrator.php(117): Illuminate\\Database\\Migrations\\Migrator->runPending(Array, Array)
#16 D:\\laravel_quicktask\\vendor\\laravel\\framework\\src\\Illuminate\\Database\\Console\\Migrations\\MigrateCommand.php(90): Illuminate\\Database\\Migrations\\Migrator->run(Array, Array)
#17 D:\\laravel_quicktask\\vendor\\laravel\\framework\\src\\Illuminate\\Database\\Migrations\\Migrator.php(615): Illuminate\\Database\\Console\\Migrations\\MigrateCommand->Illuminate\\Database\\Console\\Migrations\\{closure}()
#18 D:\\laravel_quicktask\\vendor\\laravel\\framework\\src\\Illuminate\\Database\\Console\\Migrations\\MigrateCommand.php(102): Illuminate\\Database\\Migrations\\Migrator->usingConnection(NULL, Object(Closure))
#19 D:\\laravel_quicktask\\vendor\\laravel\\framework\\src\\Illuminate\\Container\\BoundMethod.php(36): Illuminate\\Database\\Console\\Migrations\\MigrateCommand->handle()
#20 D:\\laravel_quicktask\\vendor\\laravel\\framework\\src\\Illuminate\\Container\\Util.php(41): Illuminate\\Container\\BoundMethod::Illuminate\\Container\\{closure}()
#21 D:\\laravel_quicktask\\vendor\\laravel\\framework\\src\\Illuminate\\Container\\BoundMethod.php(93): Illuminate\\Container\\Util::unwrapIfClosure(Object(Closure))
#22 D:\\laravel_quicktask\\vendor\\laravel\\framework\\src\\Illuminate\\Container\\BoundMethod.php(37): Illuminate\\Container\\BoundMethod::callBoundMethod(Object(Illuminate\\Foundation\\Application), Array, Object(Closure))
#23 D:\\laravel_quicktask\\vendor\\laravel\\framework\\src\\Illuminate\\Container\\Container.php(651): Illuminate\\Container\\BoundMethod::call(Object(Illuminate\\Foundation\\Application), Array, Array, NULL)
#24 D:\\laravel_quicktask\\vendor\\laravel\\framework\\src\\Illuminate\\Console\\Command.php(182): Illuminate\\Container\\Container->call(Array)
#25 D:\\laravel_quicktask\\vendor\\symfony\\console\\Command\\Command.php(312): Illuminate\\Console\\Command->execute(Object(Symfony\\Component\\Console\\Input\\ArgvInput), Object(Illuminate\\Console\\OutputStyle))
#26 D:\\laravel_quicktask\\vendor\\laravel\\framework\\src\\Illuminate\\Console\\Command.php(152): Symfony\\Component\\Console\\Command\\Command->run(Object(Symfony\\Component\\Console\\Input\\ArgvInput), Object(Illuminate\\Console\\OutputStyle))
#27 D:\\laravel_quicktask\\vendor\\symfony\\console\\Application.php(1022): Illuminate\\Console\\Command->run(Object(Symfony\\Component\\Console\\Input\\ArgvInput), Object(Symfony\\Component\\Console\\Output\\ConsoleOutput))
#28 D:\\laravel_quicktask\\vendor\\symfony\\console\\Application.php(314): Symfony\\Component\\Console\\Application->doRunCommand(Object(Illuminate\\Database\\Console\\Migrations\\MigrateCommand), Object(Symfony\\Component\\Console\\Input\\ArgvInput), Object(Symfony\\Component\\Console\\Output\\ConsoleOutput))
#29 D:\\laravel_quicktask\\vendor\\symfony\\console\\Application.php(168): Symfony\\Component\\Console\\Application->doRun(Object(Symfony\\Component\\Console\\Input\\ArgvInput), Object(Symfony\\Component\\Console\\Output\\ConsoleOutput))
#30 D:\\laravel_quicktask\\vendor\\laravel\\framework\\src\\Illuminate\\Console\\Application.php(102): Symfony\\Component\\Console\\Application->run(Object(Symfony\\Component\\Console\\Input\\ArgvInput), Object(Symfony\\Component\\Console\\Output\\ConsoleOutput))
#31 D:\\laravel_quicktask\\vendor\\laravel\\framework\\src\\Illuminate\\Foundation\\Console\\Kernel.php(155): Illuminate\\Console\\Application->run(Object(Symfony\\Component\\Console\\Input\\ArgvInput), Object(Symfony\\Component\\Console\\Output\\ConsoleOutput))
#32 D:\\laravel_quicktask\\artisan(37): Illuminate\\Foundation\\Console\\Kernel->handle(Object(Symfony\\Component\\Console\\Input\\ArgvInput), Object(Symfony\\Component\\Console\\Output\\ConsoleOutput))
#33 {main}

[previous exception] [object] (PDOException(code: 42S02): SQLSTATE[42S02]: Base table or view not found: 1146 Table 'hoclaravel.blacklist' doesn't exist at D:\\laravel_quicktask\\vendor\\laravel\\framework\\src\\Illuminate\\Database\\Connection.php:545)
[stacktrace]
#0 D:\\laravel_quicktask\\vendor\\laravel\\framework\\src\\Illuminate\\Database\\Connection.php(545): PDOStatement->execute()
#1 D:\\laravel_quicktask\\vendor\\laravel\\framework\\src\\Illuminate\\Database\\Connection.php(753): Illuminate\\Database\\Connection->Illuminate\\Database\\{closure}('alter table `bl...', Array)
#2 D:\\laravel_quicktask\\vendor\\laravel\\framework\\src\\Illuminate\\Database\\Connection.php(720): Illuminate\\Database\\Connection->runQueryCallback('alter table `bl...', Array, Object(Closure))
#3 D:\\laravel_quicktask\\vendor\\laravel\\framework\\src\\Illuminate\\Database\\Connection.php(546): Illuminate\\Database\\Connection->run('alter table `bl...', Array, Object(Closure))
#4 D:\\laravel_quicktask\\vendor\\laravel\\framework\\src\\Illuminate\\Database\\Schema\\Blueprint.php(109): Illuminate\\Database\\Connection->statement('alter table `bl...')
#5 D:\\laravel_quicktask\\vendor\\laravel\\framework\\src\\Illuminate\\Database\\Schema\\Builder.php(422): Illuminate\\Database\\Schema\\Blueprint->build(Object(Illuminate\\Database\\MySqlConnection), Object(Illuminate\\Database\\Schema\\Grammars\\MySqlGrammar))
#6 D:\\laravel_quicktask\\vendor\\laravel\\framework\\src\\Illuminate\\Database\\Schema\\Builder.php(269): Illuminate\\Database\\Schema\\Builder->build(Object(Illuminate\\Database\\Schema\\Blueprint))
#7 D:\\laravel_quicktask\\vendor\\laravel\\framework\\src\\Illuminate\\Support\\Facades\\Facade.php(338): Illuminate\\Database\\Schema\\Builder->table('blacklist', Object(Closure))
#8 D:\\laravel_quicktask\\database\\migrations\\2023_01_09_082513_add_is_admin_column_to_blacklist_table.php(18): Illuminate\\Support\\Facades\\Facade::__callStatic('table', Array)
#9 D:\\laravel_quicktask\\vendor\\laravel\\framework\\src\\Illuminate\\Database\\Migrations\\Migrator.php(481): Illuminate\\Database\\Migrations\\Migration@anonymous->up()
#10 D:\\laravel_quicktask\\vendor\\laravel\\framework\\src\\Illuminate\\Database\\Migrations\\Migrator.php(399): Illuminate\\Database\\Migrations\\Migrator->runMethod(Object(Illuminate\\Database\\MySqlConnection), Object(Illuminate\\Database\\Migrations\\Migration@anonymous), 'up')
#11 D:\\laravel_quicktask\\vendor\\laravel\\framework\\src\\Illuminate\\Database\\Migrations\\Migrator.php(408): Illuminate\\Database\\Migrations\\Migrator->Illuminate\\Database\\Migrations\\{closure}()
#12 D:\\laravel_quicktask\\vendor\\laravel\\framework\\src\\Illuminate\\Database\\Migrations\\Migrator.php(209): Illuminate\\Database\\Migrations\\Migrator->runMigration(Object(Illuminate\\Database\\Migrations\\Migration@anonymous), 'up')
#13 D:\\laravel_quicktask\\vendor\\laravel\\framework\\src\\Illuminate\\Console\\View\\Components\\Task.php(36): Illuminate\\Database\\Migrations\\Migrator->Illuminate\\Database\\Migrations\\{closure}()
#14 D:\\laravel_quicktask\\vendor\\laravel\\framework\\src\\Illuminate\\Database\\Migrations\\Migrator.php(738): Illuminate\\Console\\View\\Components\\Task->render('2023_01_09_0825...', Object(Closure))
#15 D:\\laravel_quicktask\\vendor\\laravel\\framework\\src\\Illuminate\\Database\\Migrations\\Migrator.php(209): Illuminate\\Database\\Migrations\\Migrator->write('Illuminate\\\\Cons...', '2023_01_09_0825...', Object(Closure))
#16 D:\\laravel_quicktask\\vendor\\laravel\\framework\\src\\Illuminate\\Database\\Migrations\\Migrator.php(174): Illuminate\\Database\\Migrations\\Migrator->runUp('D:\\\\laravel_quic...', 5, false)
#17 D:\\laravel_quicktask\\vendor\\laravel\\framework\\src\\Illuminate\\Database\\Migrations\\Migrator.php(117): Illuminate\\Database\\Migrations\\Migrator->runPending(Array, Array)
#18 D:\\laravel_quicktask\\vendor\\laravel\\framework\\src\\Illuminate\\Database\\Console\\Migrations\\MigrateCommand.php(90): Illuminate\\Database\\Migrations\\Migrator->run(Array, Array)
#19 D:\\laravel_quicktask\\vendor\\laravel\\framework\\src\\Illuminate\\Database\\Migrations\\Migrator.php(615): Illuminate\\Database\\Console\\Migrations\\MigrateCommand->Illuminate\\Database\\Console\\Migrations\\{closure}()
#20 D:\\laravel_quicktask\\vendor\\laravel\\framework\\src\\Illuminate\\Database\\Console\\Migrations\\MigrateCommand.php(102): Illuminate\\Database\\Migrations\\Migrator->usingConnection(NULL, Object(Closure))
#21 D:\\laravel_quicktask\\vendor\\laravel\\framework\\src\\Illuminate\\Container\\BoundMethod.php(36): Illuminate\\Database\\Console\\Migrations\\MigrateCommand->handle()
#22 D:\\laravel_quicktask\\vendor\\laravel\\framework\\src\\Illuminate\\Container\\Util.php(41): Illuminate\\Container\\BoundMethod::Illuminate\\Container\\{closure}()
#23 D:\\laravel_quicktask\\vendor\\laravel\\framework\\src\\Illuminate\\Container\\BoundMethod.php(93): Illuminate\\Container\\Util::unwrapIfClosure(Object(Closure))
#24 D:\\laravel_quicktask\\vendor\\laravel\\framework\\src\\Illuminate\\Container\\BoundMethod.php(37): Illuminate\\Container\\BoundMethod::callBoundMethod(Object(Illuminate\\Foundation\\Application), Array, Object(Closure))
#25 D:\\laravel_quicktask\\vendor\\laravel\\framework\\src\\Illuminate\\Container\\Container.php(651): Illuminate\\Container\\BoundMethod::call(Object(Illuminate\\Foundation\\Application), Array, Array, NULL)
#26 D:\\laravel_quicktask\\vendor\\laravel\\framework\\src\\Illuminate\\Console\\Command.php(182): Illuminate\\Container\\Container->call(Array)
#27 D:\\laravel_quicktask\\vendor\\symfony\\console\\Command\\Command.php(312): Illuminate\\Console\\Command->execute(Object(Symfony\\Component\\Console\\Input\\ArgvInput), Object(Illuminate\\Console\\OutputStyle))
#28 D:\\laravel_quicktask\\vendor\\laravel\\framework\\src\\Illuminate\\Console\\Command.php(152): Symfony\\Component\\Console\\Command\\Command->run(Object(Symfony\\Component\\Console\\Input\\ArgvInput), Object(Illuminate\\Console\\OutputStyle))
#29 D:\\laravel_quicktask\\vendor\\symfony\\console\\Application.php(1022): Illuminate\\Console\\Command->run(Object(Symfony\\Component\\Console\\Input\\ArgvInput), Object(Symfony\\Component\\Console\\Output\\ConsoleOutput))
#30 D:\\laravel_quicktask\\vendor\\symfony\\console\\Application.php(314): Symfony\\Component\\Console\\Application->doRunCommand(Object(Illuminate\\Database\\Console\\Migrations\\MigrateCommand), Object(Symfony\\Component\\Console\\Input\\ArgvInput), Object(Symfony\\Component\\Console\\Output\\ConsoleOutput))
#31 D:\\laravel_quicktask\\vendor\\symfony\\console\\Application.php(168): Symfony\\Component\\Console\\Application->doRun(Object(Symfony\\Component\\Console\\Input\\ArgvInput), Object(Symfony\\Component\\Console\\Output\\ConsoleOutput))
#32 D:\\laravel_quicktask\\vendor\\laravel\\framework\\src\\Illuminate\\Console\\Application.php(102): Symfony\\Component\\Console\\Application->run(Object(Symfony\\Component\\Console\\Input\\ArgvInput), Object(Symfony\\Component\\Console\\Output\\ConsoleOutput))
#33 D:\\laravel_quicktask\\vendor\\laravel\\framework\\src\\Illuminate\\Foundation\\Console\\Kernel.php(155): Illuminate\\Console\\Application->run(Object(Symfony\\Component\\Console\\Input\\ArgvInput), Object(Symfony\\Component\\Console\\Output\\ConsoleOutput))
#34 D:\\laravel_quicktask\\artisan(37): Illuminate\\Foundation\\Console\\Kernel->handle(Object(Symfony\\Component\\Console\\Input\\ArgvInput), Object(Symfony\\Component\\Console\\Output\\ConsoleOutput))
#35 {main}
"} 
